2025-12-17 12:56:59,583 | [92mINFO[0m: [92mTask:
TaskConfig(db=<DB.Valkey: 'Valkey'>, db_config=ValkeyDBConfig(db_label='valkey-cluster', version='', note='', host='127.0.0.1', port=7000, password=None, deployment_type=<DeploymentType.CLUSTER: 'CLUSTER'>, nodes=['127.0.0.1:7000', '127.0.0.1:7001', '127.0.0.1:7002', '127.0.0.1:7003', '127.0.0.1:7004', '127.0.0.1:7005'], service_name=None), db_case_config=ValkeyDBCaseConfig(index_name='vdbbench_idx', prefix='doc:', M=16, EF_CONSTRUCTION=200, EF_RUNTIME=10, distance_metric=<MetricType.COSINE: 'COSINE'>, metric_type=None), case_config=CaseConfig(case_id=<CaseType.Performance1536D50K: 50>, custom_case={}, k=100, concurrency_search_config=ConcurrencySearchConfig(num_concurrency=[1, 5, 10, 20, 30, 40, 60, 80], concurrency_duration=30, concurrency_timeout=3600)), stages=['drop_old', 'load', 'search_serial', 'search_concurrent'])
[0m (cli.py:649) (439589)
2025-12-17 12:56:59,584 | [92mINFO[0m: [92mgenerated uuid for the tasks: d1cfc78462a74f9ca76b0f585a82b739[0m (interface.py:76) (439589)
2025-12-17 12:56:59,584 | INFO | DB             | CaseType     Dataset               Filter | task_label (task_runner.py:400)
2025-12-17 12:56:59,584 | INFO | -----------    | ------------ -------------------- ------- | -------    (task_runner.py:400)
2025-12-17 12:56:59,584 | INFO | Valkey-valkey-cluster | Performance  OpenAI-SMALL-50K         0.0 | d1cfc78462a74f9ca76b0f585a82b739 (task_runner.py:400)
2025-12-17 12:56:59,584 | [92mINFO[0m: [92mtask submitted: id=d1cfc78462a74f9ca76b0f585a82b739, d1cfc78462a74f9ca76b0f585a82b739, case number: 1[0m (interface.py:251) (439589)
2025-12-17 12:57:00,143 | [92mINFO[0m: [92m[1/1] start case: {'label': <CaseLabel.Performance: 2>, 'name': 'Search Performance Test (50K Dataset, 1536 Dim)', 'dataset': {'data': {'name': 'OpenAI', 'size': 50000, 'dim': 1536, 'metric_type': <MetricType.COSINE: 'COSINE'>}}, 'db': 'Valkey-valkey-cluster'}, drop_old=True[0m (interface.py:181) (439614)
2025-12-17 12:57:00,143 | [92mINFO[0m: [92mStarting run[0m (task_runner.py:138) (439614)
2025-12-17 12:57:00,144 | [92mINFO[0m: [92mValkeyClient initializing with config: {'host': '127.0.0.1', 'port': 7000, 'password': None, 'deployment_type': 'CLUSTER', 'nodes': ['127.0.0.1:7000', '127.0.0.1:7001', '127.0.0.1:7002', '127.0.0.1:7003', '127.0.0.1:7004', '127.0.0.1:7005'], 'service_name': None}[0m (new_client.py:36) (439614)
2025-12-17 12:57:00,144 | [92mINFO[0m: [92mGetting client...[0m (new_client.py:46) (439614)
2025-12-17 12:57:00,146 | [93mWARNING[0m: [93m[1/1] case {'label': <CaseLabel.Performance: 2>, 'name': 'Search Performance Test (50K Dataset, 1536 Dim)', 'dataset': {'data': {'name': 'OpenAI', 'size': 50000, 'dim': 1536, 'metric_type': <MetricType.COSINE: 'COSINE'>}}, 'db': 'Valkey-valkey-cluster'} failed to run, reason=Valkey Cluster cannot be connected. Please provide at least one reachable node: Error 111 connecting to 127.0.0.1:7005. Connection refused.[0m (interface.py:203) (439614)
Traceback (most recent call last):
  File "/home/ubuntu/dev-proj/agile_vibe_test/valkey-vector-benchmark/VectorDBBench/.venv/lib/python3.12/site-packages/valkey/connection.py", line 319, in connect
    sock = self.retry.call_with_retry(
           ^^^^^^^^^^^^^^^^^^^^^^^^^^^
  File "/home/ubuntu/dev-proj/agile_vibe_test/valkey-vector-benchmark/VectorDBBench/.venv/lib/python3.12/site-packages/valkey/retry.py", line 62, in call_with_retry
    return do()
           ^^^^
  File "/home/ubuntu/dev-proj/agile_vibe_test/valkey-vector-benchmark/VectorDBBench/.venv/lib/python3.12/site-packages/valkey/connection.py", line 320, in <lambda>
    lambda: self._connect(), lambda error: self.disconnect(error)
            ^^^^^^^^^^^^^^^
  File "/home/ubuntu/dev-proj/agile_vibe_test/valkey-vector-benchmark/VectorDBBench/.venv/lib/python3.12/site-packages/valkey/connection.py", line 747, in _connect
    raise err
  File "/home/ubuntu/dev-proj/agile_vibe_test/valkey-vector-benchmark/VectorDBBench/.venv/lib/python3.12/site-packages/valkey/connection.py", line 735, in _connect
    sock.connect(socket_address)
ConnectionRefusedError: [Errno 111] Connection refused

During handling of the above exception, another exception occurred:

Traceback (most recent call last):
  File "/home/ubuntu/dev-proj/agile_vibe_test/valkey-vector-benchmark/VectorDBBench/.venv/lib/python3.12/site-packages/valkey/cluster.py", line 1553, in initialize
    cluster_slots = str_if_bytes(r.execute_command("CLUSTER SLOTS"))
                                 ^^^^^^^^^^^^^^^^^^^^^^^^^^^^^^^^^^
  File "/home/ubuntu/dev-proj/agile_vibe_test/valkey-vector-benchmark/VectorDBBench/.venv/lib/python3.12/site-packages/valkey/client.py", line 564, in execute_command
    conn = self.connection or pool.get_connection(command_name, **options)
                              ^^^^^^^^^^^^^^^^^^^^^^^^^^^^^^^^^^^^^^^^^^^^
  File "/home/ubuntu/dev-proj/agile_vibe_test/valkey-vector-benchmark/VectorDBBench/.venv/lib/python3.12/site-packages/valkey/connection.py", line 1125, in get_connection
    connection.connect()
  File "/home/ubuntu/dev-proj/agile_vibe_test/valkey-vector-benchmark/VectorDBBench/.venv/lib/python3.12/site-packages/valkey/connection.py", line 325, in connect
    raise ConnectionError(self._error_message(e))
valkey.exceptions.ConnectionError: Error 111 connecting to 127.0.0.1:7005. Connection refused.

The above exception was the direct cause of the following exception:

Traceback (most recent call last):
  File "/home/ubuntu/dev-proj/agile_vibe_test/valkey-vector-benchmark/VectorDBBench/vectordb_bench/interface.py", line 182, in _async_task_v2
    case_res.metrics = runner.run(drop_old)
                       ^^^^^^^^^^^^^^^^^^^^
  File "/home/ubuntu/dev-proj/agile_vibe_test/valkey-vector-benchmark/VectorDBBench/vectordb_bench/backend/task_runner.py", line 140, in run
    self._pre_run(drop_old)
  File "/home/ubuntu/dev-proj/agile_vibe_test/valkey-vector-benchmark/VectorDBBench/vectordb_bench/backend/task_runner.py", line 131, in _pre_run
    self.init_db(drop_old)
  File "/home/ubuntu/dev-proj/agile_vibe_test/valkey-vector-benchmark/VectorDBBench/vectordb_bench/backend/task_runner.py", line 120, in init_db
    self.db = db_cls(
              ^^^^^^^
  File "/home/ubuntu/dev-proj/agile_vibe_test/valkey-vector-benchmark/VectorDBBench/vectordb_bench/backend/clients/valkey/new_client.py", line 47, in __init__
    self.client = self._get_client()
                  ^^^^^^^^^^^^^^^^^^
  File "/home/ubuntu/dev-proj/agile_vibe_test/valkey-vector-benchmark/VectorDBBench/vectordb_bench/backend/clients/valkey/new_client.py", line 84, in _get_client
    return ValkeyCluster(
           ^^^^^^^^^^^^^^
  File "/home/ubuntu/dev-proj/agile_vibe_test/valkey-vector-benchmark/VectorDBBench/.venv/lib/python3.12/site-packages/valkey/cluster.py", line 636, in __init__
    self.nodes_manager = NodesManager(
                         ^^^^^^^^^^^^^
  File "/home/ubuntu/dev-proj/agile_vibe_test/valkey-vector-benchmark/VectorDBBench/.venv/lib/python3.12/site-packages/valkey/cluster.py", line 1366, in __init__
    self.initialize()
  File "/home/ubuntu/dev-proj/agile_vibe_test/valkey-vector-benchmark/VectorDBBench/.venv/lib/python3.12/site-packages/valkey/cluster.py", line 1629, in initialize
    raise ValkeyClusterException(
valkey.exceptions.ValkeyClusterException: Valkey Cluster cannot be connected. Please provide at least one reachable node: Error 111 connecting to 127.0.0.1:7005. Connection refused.
2025-12-17 12:57:00,149 | INFO |Task summary: run_id=d1cfc, task_label=d1cfc78462a74f9ca76b0f585a82b739 (models.py:446)
2025-12-17 12:57:00,149 | INFO |DB     | db_label          case                                            label                            | load_dur    qps        latency(p99)    latency(p95)    recall        max_load_count | label (models.py:446)
2025-12-17 12:57:00,149 | INFO |------ | ----------------- ----------------------------------------------- -------------------------------- | ----------- ---------- --------------- --------------- ------------- -------------- | ----- (models.py:446)
2025-12-17 12:57:00,149 | INFO |Valkey | valkey-cluster    Search Performance Test (50K Dataset, 1536 Dim) d1cfc78462a74f9ca76b0f585a82b739 | 0.0         0.0        0.0             0.0             0.0           0              | x     (models.py:446)
2025-12-17 12:57:00,150 | [92mINFO[0m: [92mwrite results to disk /home/ubuntu/dev-proj/agile_vibe_test/valkey-vector-benchmark/VectorDBBench/vectordb_bench/results/Valkey/result_20251217_d1cfc78462a74f9ca76b0f585a82b739_valkey.json[0m (models.py:283) (439614)
2025-12-17 12:57:00,151 | [92mINFO[0m: [92mSuccess to finish task: label=d1cfc78462a74f9ca76b0f585a82b739, run_id=d1cfc78462a74f9ca76b0f585a82b739[0m (interface.py:222) (439614)
